#
# There is insufficient memory for the Java Runtime Environment to continue.
# Native memory allocation (malloc) failed to allocate 1123776 bytes. Error detail: Chunk::new
# Possible reasons:
#   The system is out of physical RAM or swap space
#   This process is running with CompressedOops enabled, and the Java Heap may be blocking the growth of the native heap
# Possible solutions:
#   Reduce memory load on the system
#   Increase physical memory or swap space
#   Check if swap backing store is full
#   Decrease Java heap size (-Xmx/-Xms)
#   Decrease number of Java threads
#   Decrease Java thread stack sizes (-Xss)
#   Set larger code cache with -XX:ReservedCodeCacheSize=
#   JVM is running with Unscaled Compressed Oops mode in which the Java heap is
#     placed in the first 4GB address space. The Java Heap base address is the
#     maximum limit for the native heap growth. Please use -XX:HeapBaseMinAddress
#     to set the Java Heap base and to place the Java Heap above 4GB virtual address.
# This output file may be truncated or incomplete.
#
#  Out of Memory Error (arena.cpp:168), pid=24940, tid=1256
#
# JRE version: OpenJDK Runtime Environment Temurin-21.0.8+9 (21.0.8+9) (build 21.0.8+9-LTS)
# Java VM: OpenJDK 64-Bit Server VM Temurin-21.0.8+9 (21.0.8+9-LTS, mixed mode, sharing, tiered, compressed oops, compressed class ptrs, parallel gc, windows-amd64)
# No core dump will be written. Minidumps are not enabled by default on client versions of Windows
#

---------------  S U M M A R Y ------------

Command Line: --add-modules=ALL-SYSTEM --add-opens=java.base/java.util=ALL-UNNAMED --add-opens=java.base/java.lang=ALL-UNNAMED --add-opens=java.base/sun.nio.fs=ALL-UNNAMED -Declipse.application=org.eclipse.jdt.ls.core.id1 -Dosgi.bundles.defaultStartLevel=4 -Declipse.product=org.eclipse.jdt.ls.core.product -Djava.import.generatesMetadataFilesAtProjectRoot=false -DDetectVMInstallationsJob.disabled=true -Dfile.encoding=utf8 -XX:+UseParallelGC -XX:GCTimeRatio=4 -XX:AdaptiveSizePolicyWeight=90 -Dsun.zip.disableMemoryMapping=true -Xmx2G -Xms100m -Xlog:disable -javaagent:c:\Users\JJ Marley\.vscode\extensions\redhat.java-1.44.0-win32-x64\lombok\lombok-1.18.39-4050.jar -XX:+HeapDumpOnOutOfMemoryError -XX:HeapDumpPath=c:\Users\JJ Marley\AppData\Roaming\Code\User\workspaceStorage\b9cbce417d77c4a653887bd68e735a80\redhat.java -Daether.dependencyCollector.impl=bf c:\Users\JJ Marley\.vscode\extensions\redhat.java-1.44.0-win32-x64\server\plugins\org.eclipse.equinox.launcher_1.7.0.v20250519-0528.jar -configuration c:\Users\JJ Marley\AppData\Roaming\Code\User\globalStorage\redhat.java\1.44.0\config_win -data c:\Users\JJ Marley\AppData\Roaming\Code\User\workspaceStorage\b9cbce417d77c4a653887bd68e735a80\redhat.java\jdt_ws --pipe=\\.\pipe\lsp-fa4a76ee40899ba0268213e0b53a7c53-sock

Host: Intel(R) Core(TM) i7-8550U CPU @ 1.80GHz, 8 cores, 15G,  Windows 11 , 64 bit Build 26100 (10.0.26100.4768)
Time: Mon Sep  1 13:33:03 2025 Temps universel coordonné elapsed time: 72.069434 seconds (0d 0h 1m 12s)

---------------  T H R E A D  ---------------

Current thread (0x000001b906577fc0):  JavaThread "C2 CompilerThread0" daemon [_thread_in_native, id=1256, stack(0x000000728b100000,0x000000728b200000) (1024K)]


Current CompileTask:
C2:72070 11115 %s!   4       org.eclipse.jdt.internal.core.index.DiskIndex::readCategoryTable @ 260 (743 bytes)

Stack: [0x000000728b100000,0x000000728b200000]
Native frames: (J=compiled Java code, j=interpreted, Vv=VM code, C=native code)
V  [jvm.dll+0x6d2449]
V  [jvm.dll+0x8ae341]
V  [jvm.dll+0x8b08be]
V  [jvm.dll+0x8b0fa3]
V  [jvm.dll+0x280c96]
V  [jvm.dll+0xc581d]
V  [jvm.dll+0xc5d53]
V  [jvm.dll+0x3b919c]
V  [jvm.dll+0x1e1213]
V  [jvm.dll+0x249022]
V  [jvm.dll+0x2484af]
V  [jvm.dll+0x1c89ee]
V  [jvm.dll+0x257d4d]
V  [jvm.dll+0x2562ea]
V  [jvm.dll+0x3f2d16]
V  [jvm.dll+0x857e6b]
V  [jvm.dll+0x6d0b0d]
C  [ucrtbase.dll+0x37b0]
C  [KERNEL32.DLL+0x2e8d7]
C  [ntdll.dll+0x3c34c]


---------------  P R O C E S S  ---------------

Threads class SMR info:
_java_thread_list=0x000001b9664f3720, length=51, elements={
0x000001b9065f77f0, 0x000001b9066adf90, 0x000001b90656c980, 0x000001b90656f940,
0x000001b906570590, 0x000001b9065711e0, 0x000001b906575100, 0x000001b906577fc0,
0x000001b95f8e2780, 0x000001b95f961480, 0x000001b95fbbbe60, 0x000001b9647dd9f0,
0x000001b95f8ccc20, 0x000001b9647ab1f0, 0x000001b96453d1e0, 0x000001b95fb75bf0,
0x000001b95fba7480, 0x000001b964136af0, 0x000001b964137180, 0x000001b964136460,
0x000001b964137810, 0x000001b964137ea0, 0x000001b964138530, 0x000001b9641350b0,
0x000001b964135740, 0x000001b964135dd0, 0x000001b965544a30, 0x000001b9655450c0,
0x000001b965545de0, 0x000001b965545750, 0x000001b965546470, 0x000001b965546b00,
0x000001b965547190, 0x000001b965543d10, 0x000001b965547820, 0x000001b9655443a0,
0x000001b96554aca0, 0x000001b96554b330, 0x000001b965547eb0, 0x000001b965548bd0,
0x000001b965549260, 0x000001b9655498f0, 0x000001b964b955e0, 0x000001b9683cc410,
0x000001b964b96990, 0x000001b964b95c70, 0x000001b964b93510, 0x000001b964b97020,
0x000001b964b93ba0, 0x000001b964b94230, 0x000001b964b97d40
}

Java Threads: ( => current thread )
  0x000001b9065f77f0 JavaThread "main"                              [_thread_blocked, id=13048, stack(0x000000728a700000,0x000000728a800000) (1024K)]
  0x000001b9066adf90 JavaThread "Reference Handler"          daemon [_thread_blocked, id=11176, stack(0x000000728ab00000,0x000000728ac00000) (1024K)]
  0x000001b90656c980 JavaThread "Finalizer"                  daemon [_thread_blocked, id=20380, stack(0x000000728ac00000,0x000000728ad00000) (1024K)]
  0x000001b90656f940 JavaThread "Signal Dispatcher"          daemon [_thread_blocked, id=24708, stack(0x000000728ad00000,0x000000728ae00000) (1024K)]
  0x000001b906570590 JavaThread "Attach Listener"            daemon [_thread_blocked, id=23404, stack(0x000000728ae00000,0x000000728af00000) (1024K)]
  0x000001b9065711e0 JavaThread "Service Thread"             daemon [_thread_blocked, id=9328, stack(0x000000728af00000,0x000000728b000000) (1024K)]
  0x000001b906575100 JavaThread "Monitor Deflation Thread"   daemon [_thread_blocked, id=12740, stack(0x000000728b000000,0x000000728b100000) (1024K)]
=>0x000001b906577fc0 JavaThread "C2 CompilerThread0"         daemon [_thread_in_native, id=1256, stack(0x000000728b100000,0x000000728b200000) (1024K)]
  0x000001b95f8e2780 JavaThread "C1 CompilerThread0"         daemon [_thread_blocked, id=20760, stack(0x000000728b200000,0x000000728b300000) (1024K)]
  0x000001b95f961480 JavaThread "Common-Cleaner"             daemon [_thread_blocked, id=2476, stack(0x000000728b300000,0x000000728b400000) (1024K)]
  0x000001b95fbbbe60 JavaThread "Notification Thread"        daemon [_thread_blocked, id=22032, stack(0x000000728b500000,0x000000728b600000) (1024K)]
  0x000001b9647dd9f0 JavaThread "Active Thread: Equinox Container: b0c8011e-2603-41aa-9ed5-4cb3e2bd6ae8"        [_thread_blocked, id=5932, stack(0x000000728bd00000,0x000000728be00000) (1024K)]
  0x000001b95f8ccc20 JavaThread "Refresh Thread: Equinox Container: b0c8011e-2603-41aa-9ed5-4cb3e2bd6ae8" daemon [_thread_blocked, id=15596, stack(0x000000728b600000,0x000000728b700000) (1024K)]
  0x000001b9647ab1f0 JavaThread "Framework Event Dispatcher: Equinox Container: b0c8011e-2603-41aa-9ed5-4cb3e2bd6ae8" daemon [_thread_blocked, id=6192, stack(0x000000728be00000,0x000000728bf00000) (1024K)]
  0x000001b96453d1e0 JavaThread "Start Level: Equinox Container: b0c8011e-2603-41aa-9ed5-4cb3e2bd6ae8" daemon [_thread_blocked, id=24388, stack(0x000000728bf00000,0x000000728c000000) (1024K)]
  0x000001b95fb75bf0 JavaThread "Bundle File Closer"         daemon [_thread_blocked, id=16408, stack(0x000000728c000000,0x000000728c100000) (1024K)]
  0x000001b95fba7480 JavaThread "SCR Component Actor"        daemon [_thread_blocked, id=19416, stack(0x000000728c100000,0x000000728c200000) (1024K)]
  0x000001b964136af0 JavaThread "Worker-JM"                         [_thread_blocked, id=25592, stack(0x000000728c400000,0x000000728c500000) (1024K)]
  0x000001b964137180 JavaThread "JNA Cleaner"                daemon [_thread_blocked, id=22580, stack(0x000000728c500000,0x000000728c600000) (1024K)]
  0x000001b964136460 JavaThread "Worker-0"                          [_thread_blocked, id=23128, stack(0x000000728c600000,0x000000728c700000) (1024K)]
  0x000001b964137810 JavaThread "Worker-1"                          [_thread_blocked, id=20912, stack(0x000000728c700000,0x000000728c800000) (1024K)]
  0x000001b964137ea0 JavaThread "Worker-2"                          [_thread_blocked, id=25304, stack(0x000000728c800000,0x000000728c900000) (1024K)]
  0x000001b964138530 JavaThread "Java indexing"              daemon [_thread_blocked, id=15820, stack(0x000000728c900000,0x000000728ca00000) (1024K)]
  0x000001b9641350b0 JavaThread "Worker-3"                          [_thread_blocked, id=22260, stack(0x000000728ca00000,0x000000728cb00000) (1024K)]
  0x000001b964135740 JavaThread "Worker-4"                          [_thread_blocked, id=24984, stack(0x000000728cc00000,0x000000728cd00000) (1024K)]
  0x000001b964135dd0 JavaThread "Worker-5"                          [_thread_blocked, id=22048, stack(0x000000728cf00000,0x000000728d000000) (1024K)]
  0x000001b965544a30 JavaThread "Worker-6"                          [_thread_blocked, id=9012, stack(0x000000728d000000,0x000000728d100000) (1024K)]
  0x000001b9655450c0 JavaThread "Thread-2"                   daemon [_thread_in_native, id=24032, stack(0x000000728d100000,0x000000728d200000) (1024K)]
  0x000001b965545de0 JavaThread "Thread-3"                   daemon [_thread_in_native, id=24972, stack(0x000000728d200000,0x000000728d300000) (1024K)]
  0x000001b965545750 JavaThread "Thread-4"                   daemon [_thread_in_native, id=15168, stack(0x000000728d300000,0x000000728d400000) (1024K)]
  0x000001b965546470 JavaThread "Thread-5"                   daemon [_thread_in_native, id=23928, stack(0x000000728d400000,0x000000728d500000) (1024K)]
  0x000001b965546b00 JavaThread "Thread-6"                   daemon [_thread_in_native, id=17884, stack(0x000000728d500000,0x000000728d600000) (1024K)]
  0x000001b965547190 JavaThread "Thread-7"                   daemon [_thread_in_native, id=19196, stack(0x000000728d600000,0x000000728d700000) (1024K)]
  0x000001b965543d10 JavaThread "Thread-8"                   daemon [_thread_in_native, id=18328, stack(0x000000728d700000,0x000000728d800000) (1024K)]
  0x000001b965547820 JavaThread "Thread-9"                   daemon [_thread_in_native, id=23268, stack(0x000000728d800000,0x000000728d900000) (1024K)]
  0x000001b9655443a0 JavaThread "Thread-10"                  daemon [_thread_in_native, id=19388, stack(0x000000728d900000,0x000000728da00000) (1024K)]
  0x000001b96554aca0 JavaThread "Worker-7"                          [_thread_blocked, id=24756, stack(0x000000728da00000,0x000000728db00000) (1024K)]
  0x000001b96554b330 JavaThread "pool-2-thread-1"                   [_thread_blocked, id=23728, stack(0x000000728db00000,0x000000728dc00000) (1024K)]
  0x000001b965547eb0 JavaThread "Worker-8: Check JDK Index"         [_thread_blocked, id=5596, stack(0x000000728dc00000,0x000000728dd00000) (1024K)]
  0x000001b965548bd0 JavaThread "WorkspaceEventsHandler"            [_thread_blocked, id=14848, stack(0x000000728dd00000,0x000000728de00000) (1024K)]
  0x000001b965549260 JavaThread "pool-1-thread-1"                   [_thread_blocked, id=25108, stack(0x000000728de00000,0x000000728df00000) (1024K)]
  0x000001b9655498f0 JavaThread "Worker-9"                          [_thread_blocked, id=19524, stack(0x000000728df00000,0x000000728e000000) (1024K)]
  0x000001b964b955e0 JavaThread "Worker-10"                         [_thread_blocked, id=9004, stack(0x000000728cb00000,0x000000728cc00000) (1024K)]
  0x000001b9683cc410 JavaThread "C2 CompilerThread1"         daemon [_thread_blocked, id=20868, stack(0x000000728a400000,0x000000728a500000) (1024K)]
  0x000001b964b96990 JavaThread "ForkJoinPool.commonPool-worker-1" daemon [_thread_blocked, id=14564, stack(0x000000728a500000,0x000000728a600000) (1024K)]
  0x000001b964b95c70 JavaThread "ForkJoinPool.commonPool-worker-2" daemon [_thread_blocked, id=23608, stack(0x000000728a600000,0x000000728a700000) (1024K)]
  0x000001b964b93510 JavaThread "ForkJoinPool.commonPool-worker-3" daemon [_thread_blocked, id=4308, stack(0x000000728c200000,0x000000728c300000) (1024K)]
  0x000001b964b97020 JavaThread "ForkJoinPool.commonPool-worker-4" daemon [_thread_blocked, id=9776, stack(0x000000728c300000,0x000000728c400000) (1024K)]
  0x000001b964b93ba0 JavaThread "ForkJoinPool.commonPool-worker-5" daemon [_thread_blocked, id=8260, stack(0x000000728e000000,0x000000728e100000) (1024K)]
  0x000001b964b94230 JavaThread "ForkJoinPool.commonPool-worker-6" daemon [_thread_blocked, id=23284, stack(0x000000728e100000,0x000000728e200000) (1024K)]
  0x000001b964b97d40 JavaThread "ForkJoinPool.commonPool-worker-7" daemon [_thread_blocked, id=24304, stack(0x000000728e200000,0x000000728e300000) (1024K)]
Total: 51

Other Threads:
  0x000001b906562540 VMThread "VM Thread"                           [id=23540, stack(0x000000728aa00000,0x000000728ab00000) (1024K)]
  0x000001b906668ec0 WatcherThread "VM Periodic Task Thread"        [id=2676, stack(0x000000728a900000,0x000000728aa00000) (1024K)]
  0x000001b906616b40 WorkerThread "GC Thread#0"                     [id=24724, stack(0x000000728a800000,0x000000728a900000) (1024K)]
  0x000001b96409d670 WorkerThread "GC Thread#1"                     [id=25536, stack(0x000000728b700000,0x000000728b800000) (1024K)]
  0x000001b964571c30 WorkerThread "GC Thread#2"                     [id=4664, stack(0x000000728b800000,0x000000728b900000) (1024K)]
  0x000001b96409da10 WorkerThread "GC Thread#3"                     [id=23832, stack(0x000000728b900000,0x000000728ba00000) (1024K)]
  0x000001b96409ddb0 WorkerThread "GC Thread#4"                     [id=18272, stack(0x000000728ba00000,0x000000728bb00000) (1024K)]
  0x000001b96409e150 WorkerThread "GC Thread#5"                     [id=25156, stack(0x000000728bb00000,0x000000728bc00000) (1024K)]
  0x000001b9645e5a90 WorkerThread "GC Thread#6"                     [id=12848, stack(0x000000728bc00000,0x000000728bd00000) (1024K)]
  0x000001b90657b440 WorkerThread "GC Thread#7"                     [id=17584, stack(0x000000728b400000,0x000000728b500000) (1024K)]
Total: 10

Threads with active compile tasks:
C2 CompilerThread0  73234 11115 %s!   4       org.eclipse.jdt.internal.core.index.DiskIndex::readCategoryTable @ 260 (743 bytes)
C2 CompilerThread1  73234 11122   !   4       org.eclipse.jdt.internal.core.search.indexing.IndexManager::updateMetaIndex (209 bytes)
Total: 2

VM state: at safepoint (normal execution)

VM Mutex/Monitor currently owned by a thread:  ([mutex/lock_event])
[0x00007ffb68db5458] Threads_lock - owner thread: 0x000001b906562540
[0x00007ffb68db5558] Heap_lock - owner thread: 0x000001b964b96990

Heap address: 0x0000000080000000, size: 2048 MB, Compressed Oops mode: 32-bit

CDS archive(s) mapped at: [0x000001b91d000000-0x000001b91dba0000-0x000001b91dba0000), size 12189696, SharedBaseAddress: 0x000001b91d000000, ArchiveRelocationMode: 1.
Compressed class space mapped at: 0x000001b91e000000-0x000001b95e000000, reserved size: 1073741824
Narrow klass base: 0x000001b91d000000, Narrow klass shift: 0, Narrow klass range: 0x100000000

GC Precious Log:
 CardTable entry size: 512
 CPUs: 8 total, 8 available
 Memory: 16257M
 Large Page Support: Disabled
 NUMA Support: Disabled
 Compressed Oops: Enabled (32-bit)
 Alignments: Space 512K, Generation 512K, Heap 2M
 Heap Min Capacity: 100M
 Heap Initial Capacity: 100M
 Heap Max Capacity: 2G
 Pre-touch: Disabled
 Parallel Workers: 8

Heap:
 PSYoungGen      total 11264K, used 2557K [0x00000000d5580000, 0x00000000d6380000, 0x0000000100000000)
  eden space 8704K, 0% used [0x00000000d5580000,0x00000000d5580000,0x00000000d5e00000)
  from space 2560K, 99% used [0x00000000d5e80000,0x00000000d60ff6b0,0x00000000d6100000)
  to   space 2560K, 0% used [0x00000000d6100000,0x00000000d6100000,0x00000000d6380000)
 ParOldGen       total 789504K, used 789301K [0x0000000080000000, 0x00000000b0300000, 0x00000000d5580000)
  object space 789504K, 99% used [0x0000000080000000,0x00000000b02cd6d8,0x00000000b0300000)
 Metaspace       used 56932K, committed 58304K, reserved 1114112K
  class space    used 6058K, committed 6656K, reserved 1048576K

Card table byte_map: [0x000001b905f90000,0x000001b9063a0000] _byte_map_base: 0x000001b905b90000

Marking Bits: (ParMarkBitMap*) 0x00007ffb68dba340
 Begin Bits: [0x000001b918a90000, 0x000001b91aa90000)
 End Bits:   [0x000001b91aa90000, 0x000001b91ca90000)

Polling page: 0x000001b904340000

Metaspace:

Usage:
  Non-class:     49.68 MB used.
      Class:      5.92 MB used.
       Both:     55.60 MB used.

Virtual space:
  Non-class space:       64.00 MB reserved,      50.44 MB ( 79%) committed,  1 nodes.
      Class space:        1.00 GB reserved,       6.50 MB ( <1%) committed,  1 nodes.
             Both:        1.06 GB reserved,      56.94 MB (  5%) committed. 

Chunk freelists:
   Non-Class:  12.95 MB
       Class:  9.33 MB
        Both:  22.28 MB

MaxMetaspaceSize: unlimited
CompressedClassSpaceSize: 1.00 GB
Initial GC threshold: 21.00 MB
Current GC threshold: 58.38 MB
CDS: on
 - commit_granule_bytes: 65536.
 - commit_granule_words: 8192.
 - virtual_space_node_default_size: 8388608.
 - enlarge_chunks_in_place: 1.
 - use_allocation_guard: 0.


Internal statistics:

num_allocs_failed_limit: 6.
num_arena_births: 1122.
num_arena_deaths: 14.
num_vsnodes_births: 2.
num_vsnodes_deaths: 0.
num_space_committed: 911.
num_space_uncommitted: 0.
num_chunks_returned_to_freelist: 20.
num_chunks_taken_from_freelist: 3929.
num_chunk_merges: 10.
num_chunk_splits: 2340.
num_chunks_enlarged: 1221.
num_inconsistent_stats: 0.

CodeHeap 'non-profiled nmethods': size=120000Kb used=8798Kb max_used=8798Kb free=111201Kb
 bounds [0x000001b9112b0000, 0x000001b911b50000, 0x000001b9187e0000]
CodeHeap 'profiled nmethods': size=120000Kb used=22478Kb max_used=22478Kb free=97521Kb
 bounds [0x000001b9097e0000, 0x000001b90ade0000, 0x000001b910d10000]
CodeHeap 'non-nmethods': size=5760Kb used=1409Kb max_used=1503Kb free=4350Kb
 bounds [0x000001b910d10000, 0x000001b910f80000, 0x000001b9112b0000]
CodeCache: size=245760Kb, used=32685Kb, max_used=32779Kb, free=213072Kb
 total_blobs=11222, nmethods=10503, adapters=625, full_count=0
Compilation: enabled, stopped_count=0, restarted_count=0

Compilation events (20 events):
Event: 70.692 Thread 0x000001b95f8e2780 11112  s    3       org.eclipse.jdt.internal.core.search.processing.JobManager::currentJobForced (28 bytes)
Event: 70.693 Thread 0x000001b95f8e2780 nmethod 11112 0x000001b90adc5410 code [0x000001b90adc5600, 0x000001b90adc5b20]
Event: 70.697 Thread 0x000001b95f8e2780 11113       3       org.eclipse.jdt.internal.core.index.DiskIndex::readStreamDocumentArray (267 bytes)
Event: 70.699 Thread 0x000001b95f8e2780 nmethod 11113 0x000001b90adc5c90 code [0x000001b90adc5ec0, 0x000001b90adc68b8]
Event: 70.736 Thread 0x000001b9683cc410 11114       4       org.eclipse.jdt.internal.core.index.DiskIndex::readStreamDocumentArray (267 bytes)
Event: 70.758 Thread 0x000001b906577fc0 11115 %s!   4       org.eclipse.jdt.internal.core.index.DiskIndex::readCategoryTable @ 260 (743 bytes)
Event: 70.797 Thread 0x000001b9683cc410 nmethod 11114 0x000001b911b40a90 code [0x000001b911b40c60, 0x000001b911b41460]
Event: 70.798 Thread 0x000001b9683cc410 11116       4       org.eclipse.jdt.internal.core.index.DiskIndex::addQueryResults (739 bytes)
Event: 70.867 Thread 0x000001b9683cc410 nmethod 11116 0x000001b911b41790 code [0x000001b911b41a40, 0x000001b911b42b90]
Event: 70.899 Thread 0x000001b9683cc410 11117 % !   4       org.eclipse.jdt.internal.core.search.indexing.IndexManager::updateMetaIndex @ 101 (209 bytes)
Event: 70.920 Thread 0x000001b9683cc410 nmethod 11117% 0x000001b911b43510 code [0x000001b911b43760, 0x000001b911b440b8]
Event: 70.928 Thread 0x000001b95f8e2780 11118       3       java.util.LinkedHashMap::keySet (5 bytes)
Event: 70.929 Thread 0x000001b95f8e2780 nmethod 11118 0x000001b90adc6c90 code [0x000001b90adc6e40, 0x000001b90adc7000]
Event: 70.938 Thread 0x000001b9683cc410 11120   !   4       java.io.FileInputStream::read (32 bytes)
Event: 70.940 Thread 0x000001b9683cc410 nmethod 11120 0x000001b911b44b90 code [0x000001b911b44d40, 0x000001b911b44ea0]
Event: 70.941 Thread 0x000001b9683cc410 11121 % !   4       org.eclipse.jdt.internal.core.index.Index::getMetaIndexQualifications @ 93 (152 bytes)
Event: 70.980 Thread 0x000001b9683cc410 nmethod 11121% 0x000001b911b45090 code [0x000001b911b45380, 0x000001b911b466a0]
Event: 70.980 Thread 0x000001b9683cc410 11122   !   4       org.eclipse.jdt.internal.core.search.indexing.IndexManager::updateMetaIndex (209 bytes)
Event: 71.037 Thread 0x000001b95f8e2780 11124       3       org.eclipse.jdt.internal.core.index.DiskIndex::readStreamInt (117 bytes)
Event: 71.037 Thread 0x000001b95f8e2780 nmethod 11124 0x000001b90adc7090 code [0x000001b90adc7240, 0x000001b90adc7498]

GC Heap History (20 events):
Event: 66.214 GC heap after
{Heap after GC invocations=1162 (full 2):
 PSYoungGen      total 4096K, used 1223K [0x00000000d5580000, 0x00000000d5b80000, 0x0000000100000000)
  eden space 2560K, 0% used [0x00000000d5580000,0x00000000d5580000,0x00000000d5800000)
  from space 1536K, 79% used [0x00000000d5980000,0x00000000d5ab1d00,0x00000000d5b00000)
  to   space 1536K, 0% used [0x00000000d5800000,0x00000000d5800000,0x00000000d5980000)
 ParOldGen       total 759296K, used 759097K [0x0000000080000000, 0x00000000ae580000, 0x00000000d5580000)
  object space 759296K, 99% used [0x0000000080000000,0x00000000ae54e578,0x00000000ae580000)
 Metaspace       used 56826K, committed 58240K, reserved 1114112K
  class space    used 6042K, committed 6656K, reserved 1048576K
}
Event: 66.256 GC heap before
{Heap before GC invocations=1163 (full 2):
 PSYoungGen      total 4096K, used 3783K [0x00000000d5580000, 0x00000000d5b80000, 0x0000000100000000)
  eden space 2560K, 100% used [0x00000000d5580000,0x00000000d5800000,0x00000000d5800000)
  from space 1536K, 79% used [0x00000000d5980000,0x00000000d5ab1d00,0x00000000d5b00000)
  to   space 1536K, 0% used [0x00000000d5800000,0x00000000d5800000,0x00000000d5980000)
 ParOldGen       total 759296K, used 759097K [0x0000000080000000, 0x00000000ae580000, 0x00000000d5580000)
  object space 759296K, 99% used [0x0000000080000000,0x00000000ae54e578,0x00000000ae580000)
 Metaspace       used 56828K, committed 58240K, reserved 1114112K
  class space    used 6042K, committed 6656K, reserved 1048576K
}
Event: 67.265 GC heap after
{Heap after GC invocations=1163 (full 2):
 PSYoungGen      total 4096K, used 1515K [0x00000000d5580000, 0x00000000d6180000, 0x0000000100000000)
  eden space 2560K, 0% used [0x00000000d5580000,0x00000000d5580000,0x00000000d5800000)
  from space 1536K, 98% used [0x00000000d5800000,0x00000000d597ace8,0x00000000d5980000)
  to   space 4608K, 0% used [0x00000000d5d00000,0x00000000d5d00000,0x00000000d6180000)
 ParOldGen       total 761344K, used 761296K [0x0000000080000000, 0x00000000ae780000, 0x00000000d5580000)
  object space 761344K, 99% used [0x0000000080000000,0x00000000ae774278,0x00000000ae780000)
 Metaspace       used 56828K, committed 58240K, reserved 1114112K
  class space    used 6042K, committed 6656K, reserved 1048576K
}
Event: 67.293 GC heap before
{Heap before GC invocations=1164 (full 2):
 PSYoungGen      total 4096K, used 4075K [0x00000000d5580000, 0x00000000d6180000, 0x0000000100000000)
  eden space 2560K, 100% used [0x00000000d5580000,0x00000000d5800000,0x00000000d5800000)
  from space 1536K, 98% used [0x00000000d5800000,0x00000000d597ace8,0x00000000d5980000)
  to   space 4608K, 0% used [0x00000000d5d00000,0x00000000d5d00000,0x00000000d6180000)
 ParOldGen       total 761344K, used 761296K [0x0000000080000000, 0x00000000ae780000, 0x00000000d5580000)
  object space 761344K, 99% used [0x0000000080000000,0x00000000ae774278,0x00000000ae780000)
 Metaspace       used 56828K, committed 58240K, reserved 1114112K
  class space    used 6042K, committed 6656K, reserved 1048576K
}
Event: 67.303 GC heap after
{Heap after GC invocations=1164 (full 2):
 PSYoungGen      total 6144K, used 2656K [0x00000000d5580000, 0x00000000d6000000, 0x0000000100000000)
  eden space 3072K, 0% used [0x00000000d5580000,0x00000000d5580000,0x00000000d5880000)
  from space 3072K, 86% used [0x00000000d5d00000,0x00000000d5f98000,0x00000000d6000000)
  to   space 3072K, 0% used [0x00000000d5a00000,0x00000000d5a00000,0x00000000d5d00000)
 ParOldGen       total 762880K, used 762851K [0x0000000080000000, 0x00000000ae900000, 0x00000000d5580000)
  object space 762880K, 99% used [0x0000000080000000,0x00000000ae8f8f60,0x00000000ae900000)
 Metaspace       used 56828K, committed 58240K, reserved 1114112K
  class space    used 6042K, committed 6656K, reserved 1048576K
}
Event: 67.327 GC heap before
{Heap before GC invocations=1165 (full 2):
 PSYoungGen      total 6144K, used 5705K [0x00000000d5580000, 0x00000000d6000000, 0x0000000100000000)
  eden space 3072K, 99% used [0x00000000d5580000,0x00000000d587a540,0x00000000d5880000)
  from space 3072K, 86% used [0x00000000d5d00000,0x00000000d5f98000,0x00000000d6000000)
  to   space 3072K, 0% used [0x00000000d5a00000,0x00000000d5a00000,0x00000000d5d00000)
 ParOldGen       total 762880K, used 762851K [0x0000000080000000, 0x00000000ae900000, 0x00000000d5580000)
  object space 762880K, 99% used [0x0000000080000000,0x00000000ae8f8f60,0x00000000ae900000)
 Metaspace       used 56837K, committed 58240K, reserved 1114112K
  class space    used 6042K, committed 6656K, reserved 1048576K
}
Event: 67.340 GC heap after
{Heap after GC invocations=1165 (full 2):
 PSYoungGen      total 7168K, used 3063K [0x00000000d5580000, 0x00000000d6680000, 0x0000000100000000)
  eden space 4096K, 0% used [0x00000000d5580000,0x00000000d5580000,0x00000000d5980000)
  from space 3072K, 99% used [0x00000000d5a00000,0x00000000d5cfdf58,0x00000000d5d00000)
  to   space 6656K, 0% used [0x00000000d6000000,0x00000000d6000000,0x00000000d6680000)
 ParOldGen       total 765952K, used 765467K [0x0000000080000000, 0x00000000aec00000, 0x00000000d5580000)
  object space 765952K, 99% used [0x0000000080000000,0x00000000aeb86f60,0x00000000aec00000)
 Metaspace       used 56837K, committed 58240K, reserved 1114112K
  class space    used 6042K, committed 6656K, reserved 1048576K
}
Event: 67.380 GC heap before
{Heap before GC invocations=1166 (full 2):
 PSYoungGen      total 7168K, used 7159K [0x00000000d5580000, 0x00000000d6680000, 0x0000000100000000)
  eden space 4096K, 100% used [0x00000000d5580000,0x00000000d5980000,0x00000000d5980000)
  from space 3072K, 99% used [0x00000000d5a00000,0x00000000d5cfdf58,0x00000000d5d00000)
  to   space 6656K, 0% used [0x00000000d6000000,0x00000000d6000000,0x00000000d6680000)
 ParOldGen       total 765952K, used 765467K [0x0000000080000000, 0x00000000aec00000, 0x00000000d5580000)
  object space 765952K, 99% used [0x0000000080000000,0x00000000aeb86f60,0x00000000aec00000)
 Metaspace       used 56851K, committed 58240K, reserved 1114112K
  class space    used 6042K, committed 6656K, reserved 1048576K
}
Event: 67.389 GC heap after
{Heap after GC invocations=1166 (full 2):
 PSYoungGen      total 9216K, used 3947K [0x00000000d5580000, 0x00000000d6400000, 0x0000000100000000)
  eden space 5120K, 0% used [0x00000000d5580000,0x00000000d5580000,0x00000000d5a80000)
  from space 4096K, 96% used [0x00000000d6000000,0x00000000d63daea8,0x00000000d6400000)
  to   space 4608K, 0% used [0x00000000d5b00000,0x00000000d5b00000,0x00000000d5f80000)
 ParOldGen       total 766464K, used 766382K [0x0000000080000000, 0x00000000aec80000, 0x00000000d5580000)
  object space 766464K, 99% used [0x0000000080000000,0x00000000aec6ba28,0x00000000aec80000)
 Metaspace       used 56851K, committed 58240K, reserved 1114112K
  class space    used 6042K, committed 6656K, reserved 1048576K
}
Event: 67.467 GC heap before
{Heap before GC invocations=1167 (full 2):
 PSYoungGen      total 9216K, used 8727K [0x00000000d5580000, 0x00000000d6400000, 0x0000000100000000)
  eden space 5120K, 93% used [0x00000000d5580000,0x00000000d5a2aed0,0x00000000d5a80000)
  from space 4096K, 96% used [0x00000000d6000000,0x00000000d63daea8,0x00000000d6400000)
  to   space 4608K, 0% used [0x00000000d5b00000,0x00000000d5b00000,0x00000000d5f80000)
 ParOldGen       total 766464K, used 766382K [0x0000000080000000, 0x00000000aec80000, 0x00000000d5580000)
  object space 766464K, 99% used [0x0000000080000000,0x00000000aec6ba28,0x00000000aec80000)
 Metaspace       used 56859K, committed 58240K, reserved 1114112K
  class space    used 6043K, committed 6656K, reserved 1048576K
}
Event: 67.479 GC heap after
{Heap after GC invocations=1167 (full 2):
 PSYoungGen      total 8192K, used 2113K [0x00000000d5580000, 0x00000000d6180000, 0x0000000100000000)
  eden space 5632K, 0% used [0x00000000d5580000,0x00000000d5580000,0x00000000d5b00000)
  from space 2560K, 82% used [0x00000000d5b00000,0x00000000d5d10588,0x00000000d5d80000)
  to   space 3072K, 0% used [0x00000000d5e80000,0x00000000d5e80000,0x00000000d6180000)
 ParOldGen       total 770048K, used 769933K [0x0000000080000000, 0x00000000af000000, 0x00000000d5580000)
  object space 770048K, 99% used [0x0000000080000000,0x00000000aefe34b8,0x00000000af000000)
 Metaspace       used 56859K, committed 58240K, reserved 1114112K
  class space    used 6043K, committed 6656K, reserved 1048576K
}
Event: 67.642 GC heap before
{Heap before GC invocations=1168 (full 2):
 PSYoungGen      total 8192K, used 7745K [0x00000000d5580000, 0x00000000d6180000, 0x0000000100000000)
  eden space 5632K, 100% used [0x00000000d5580000,0x00000000d5b00000,0x00000000d5b00000)
  from space 2560K, 82% used [0x00000000d5b00000,0x00000000d5d10588,0x00000000d5d80000)
  to   space 3072K, 0% used [0x00000000d5e80000,0x00000000d5e80000,0x00000000d6180000)
 ParOldGen       total 770048K, used 769933K [0x0000000080000000, 0x00000000af000000, 0x00000000d5580000)
  object space 770048K, 99% used [0x0000000080000000,0x00000000aefe34b8,0x00000000af000000)
 Metaspace       used 56864K, committed 58240K, reserved 1114112K
  class space    used 6043K, committed 6656K, reserved 1048576K
}
Event: 67.650 GC heap after
{Heap after GC invocations=1168 (full 2):
 PSYoungGen      total 9728K, used 2468K [0x00000000d5580000, 0x00000000d6180000, 0x0000000100000000)
  eden space 6656K, 0% used [0x00000000d5580000,0x00000000d5580000,0x00000000d5c00000)
  from space 3072K, 80% used [0x00000000d5e80000,0x00000000d60e9018,0x00000000d6180000)
  to   space 2560K, 0% used [0x00000000d5c00000,0x00000000d5c00000,0x00000000d5e80000)
 ParOldGen       total 772096K, used 771688K [0x0000000080000000, 0x00000000af200000, 0x00000000d5580000)
  object space 772096K, 99% used [0x0000000080000000,0x00000000af19a328,0x00000000af200000)
 Metaspace       used 56864K, committed 58240K, reserved 1114112K
  class space    used 6043K, committed 6656K, reserved 1048576K
}
Event: 70.776 GC heap before
{Heap before GC invocations=1169 (full 2):
 PSYoungGen      total 9728K, used 9124K [0x00000000d5580000, 0x00000000d6180000, 0x0000000100000000)
  eden space 6656K, 100% used [0x00000000d5580000,0x00000000d5c00000,0x00000000d5c00000)
  from space 3072K, 80% used [0x00000000d5e80000,0x00000000d60e9018,0x00000000d6180000)
  to   space 2560K, 0% used [0x00000000d5c00000,0x00000000d5c00000,0x00000000d5e80000)
 ParOldGen       total 772096K, used 771688K [0x0000000080000000, 0x00000000af200000, 0x00000000d5580000)
  object space 772096K, 99% used [0x0000000080000000,0x00000000af19a328,0x00000000af200000)
 Metaspace       used 56865K, committed 58240K, reserved 1114112K
  class space    used 6043K, committed 6656K, reserved 1048576K
}
Event: 70.788 GC heap after
{Heap after GC invocations=1169 (full 2):
 PSYoungGen      total 9216K, used 2558K [0x00000000d5580000, 0x00000000d6900000, 0x0000000100000000)
  eden space 6656K, 0% used [0x00000000d5580000,0x00000000d5580000,0x00000000d5c00000)
  from space 2560K, 99% used [0x00000000d5c00000,0x00000000d5e7f830,0x00000000d5e80000)
  to   space 6656K, 0% used [0x00000000d6280000,0x00000000d6280000,0x00000000d6900000)
 ParOldGen       total 775168K, used 774823K [0x0000000080000000, 0x00000000af500000, 0x00000000d5580000)
  object space 775168K, 99% used [0x0000000080000000,0x00000000af4a9ec8,0x00000000af500000)
 Metaspace       used 56865K, committed 58240K, reserved 1114112K
  class space    used 6043K, committed 6656K, reserved 1048576K
}
Event: 70.904 GC heap before
{Heap before GC invocations=1170 (full 2):
 PSYoungGen      total 9216K, used 9214K [0x00000000d5580000, 0x00000000d6900000, 0x0000000100000000)
  eden space 6656K, 100% used [0x00000000d5580000,0x00000000d5c00000,0x00000000d5c00000)
  from space 2560K, 99% used [0x00000000d5c00000,0x00000000d5e7f830,0x00000000d5e80000)
  to   space 6656K, 0% used [0x00000000d6280000,0x00000000d6280000,0x00000000d6900000)
 ParOldGen       total 775168K, used 774823K [0x0000000080000000, 0x00000000af500000, 0x00000000d5580000)
  object space 775168K, 99% used [0x0000000080000000,0x00000000af4a9ec8,0x00000000af500000)
 Metaspace       used 56865K, committed 58240K, reserved 1114112K
  class space    used 6043K, committed 6656K, reserved 1048576K
}
Event: 70.910 GC heap after
{Heap after GC invocations=1170 (full 2):
 PSYoungGen      total 9728K, used 2957K [0x00000000d5580000, 0x00000000d6580000, 0x0000000100000000)
  eden space 6656K, 0% used [0x00000000d5580000,0x00000000d5580000,0x00000000d5c00000)
  from space 3072K, 96% used [0x00000000d6280000,0x00000000d6563520,0x00000000d6580000)
  to   space 4096K, 0% used [0x00000000d5d80000,0x00000000d5d80000,0x00000000d6180000)
 ParOldGen       total 776192K, used 776187K [0x0000000080000000, 0x00000000af600000, 0x00000000d5580000)
  object space 776192K, 99% used [0x0000000080000000,0x00000000af5fef08,0x00000000af600000)
 Metaspace       used 56865K, committed 58240K, reserved 1114112K
  class space    used 6043K, committed 6656K, reserved 1048576K
}
Event: 70.985 GC heap before
{Heap before GC invocations=1171 (full 2):
 PSYoungGen      total 9728K, used 9613K [0x00000000d5580000, 0x00000000d6580000, 0x0000000100000000)
  eden space 6656K, 100% used [0x00000000d5580000,0x00000000d5c00000,0x00000000d5c00000)
  from space 3072K, 96% used [0x00000000d6280000,0x00000000d6563520,0x00000000d6580000)
  to   space 4096K, 0% used [0x00000000d5d80000,0x00000000d5d80000,0x00000000d6180000)
 ParOldGen       total 776192K, used 776187K [0x0000000080000000, 0x00000000af600000, 0x00000000d5580000)
  object space 776192K, 99% used [0x0000000080000000,0x00000000af5fef08,0x00000000af600000)
 Metaspace       used 56865K, committed 58240K, reserved 1114112K
  class space    used 6043K, committed 6656K, reserved 1048576K
}
Event: 70.991 GC heap after
{Heap after GC invocations=1171 (full 2):
 PSYoungGen      total 9216K, used 2322K [0x00000000d5580000, 0x00000000d6300000, 0x0000000100000000)
  eden space 6656K, 0% used [0x00000000d5580000,0x00000000d5580000,0x00000000d5c00000)
  from space 2560K, 90% used [0x00000000d5d80000,0x00000000d5fc4808,0x00000000d6000000)
  to   space 3072K, 0% used [0x00000000d6000000,0x00000000d6000000,0x00000000d6300000)
 ParOldGen       total 779264K, used 778834K [0x0000000080000000, 0x00000000af900000, 0x00000000d5580000)
  object space 779264K, 99% used [0x0000000080000000,0x00000000af894828,0x00000000af900000)
 Metaspace       used 56865K, committed 58240K, reserved 1114112K
  class space    used 6043K, committed 6656K, reserved 1048576K
}
Event: 71.053 GC heap before
{Heap before GC invocations=1172 (full 2):
 PSYoungGen      total 9216K, used 8978K [0x00000000d5580000, 0x00000000d6300000, 0x0000000100000000)
  eden space 6656K, 100% used [0x00000000d5580000,0x00000000d5c00000,0x00000000d5c00000)
  from space 2560K, 90% used [0x00000000d5d80000,0x00000000d5fc4808,0x00000000d6000000)
  to   space 3072K, 0% used [0x00000000d6000000,0x00000000d6000000,0x00000000d6300000)
 ParOldGen       total 779264K, used 778834K [0x0000000080000000, 0x00000000af900000, 0x00000000d5580000)
  object space 779264K, 99% used [0x0000000080000000,0x00000000af894828,0x00000000af900000)
 Metaspace       used 56865K, committed 58240K, reserved 1114112K
  class space    used 6043K, committed 6656K, reserved 1048576K
}

Dll operation events (10 events):
Event: 0.967 Loaded shared library c:\Users\JJ Marley\.vscode\extensions\redhat.java-1.44.0-win32-x64\jre\21.0.8-win32-x86_64\bin\java.dll
Event: 1.272 Loaded shared library c:\Users\JJ Marley\.vscode\extensions\redhat.java-1.44.0-win32-x64\jre\21.0.8-win32-x86_64\bin\zip.dll
Event: 1.412 Loaded shared library C:\Users\JJ Marley\.vscode\extensions\redhat.java-1.44.0-win32-x64\jre\21.0.8-win32-x86_64\bin\instrument.dll
Event: 1.454 Loaded shared library C:\Users\JJ Marley\.vscode\extensions\redhat.java-1.44.0-win32-x64\jre\21.0.8-win32-x86_64\bin\net.dll
Event: 1.479 Loaded shared library C:\Users\JJ Marley\.vscode\extensions\redhat.java-1.44.0-win32-x64\jre\21.0.8-win32-x86_64\bin\nio.dll
Event: 1.487 Loaded shared library C:\Users\JJ Marley\.vscode\extensions\redhat.java-1.44.0-win32-x64\jre\21.0.8-win32-x86_64\bin\zip.dll
Event: 1.519 Loaded shared library C:\Users\JJ Marley\.vscode\extensions\redhat.java-1.44.0-win32-x64\jre\21.0.8-win32-x86_64\bin\jimage.dll
Event: 1.720 Loaded shared library c:\Users\JJ Marley\.vscode\extensions\redhat.java-1.44.0-win32-x64\jre\21.0.8-win32-x86_64\bin\verify.dll
Event: 11.237 Loaded shared library C:\Users\JJ Marley\AppData\Roaming\Code\User\globalStorage\redhat.java\1.44.0\config_win\org.eclipse.equinox.launcher\org.eclipse.equinox.launcher.win32.win32.x86_64_1.2.1400.v20250730-1736\eclipse_11913.dll
Event: 23.624 Loaded shared library C:\Program Files\KMSpico\temp\jna-144177922\jna2582369394594080377.dll

Deoptimization events (20 events):
Event: 67.655 Thread 0x000001b964138530 Uncommon trap: trap_request=0xffffff45 fr.pc=0x000001b911b39420 relative=0x0000000000000460
Event: 70.689 Thread 0x000001b964138530 Uncommon trap: reason=unstable_if action=reinterpret pc=0x000001b911b39420 method=org.eclipse.jdt.internal.core.index.DiskIndex.readStreamDocumentArray(Ljava/io/InputStream;I)[I @ 17 c2
Event: 70.690 Thread 0x000001b964138530 DEOPT PACKING pc=0x000001b911b39420 sp=0x000000728c9fe960
Event: 70.690 Thread 0x000001b964138530 DEOPT UNPACKING pc=0x000001b910d63aa2 sp=0x000000728c9fe8f8 mode 2
Event: 70.769 Thread 0x000001b964138530 DEOPT PACKING pc=0x000001b90ada989c sp=0x000000728c9febb0
Event: 70.769 Thread 0x000001b964138530 DEOPT UNPACKING pc=0x000001b910d64242 sp=0x000000728c9fe128 mode 0
Event: 70.799 Thread 0x000001b964138530 DEOPT PACKING pc=0x000001b90ada989c sp=0x000000728c9febb0
Event: 70.799 Thread 0x000001b964138530 DEOPT UNPACKING pc=0x000001b910d64242 sp=0x000000728c9fe128 mode 0
Event: 70.941 Thread 0x000001b964138530 DEOPT PACKING pc=0x000001b90adb0faf sp=0x000000728c9fed70
Event: 70.941 Thread 0x000001b964138530 DEOPT UNPACKING pc=0x000001b910d64242 sp=0x000000728c9fe2e0 mode 0
Event: 70.980 Thread 0x000001b964138530 DEOPT PACKING pc=0x000001b90adb0faf sp=0x000000728c9fed70
Event: 70.980 Thread 0x000001b964138530 DEOPT UNPACKING pc=0x000001b910d64242 sp=0x000000728c9fe2e0 mode 0
Event: 71.018 Thread 0x000001b964138530 DEOPT PACKING pc=0x000001b90adc4175 sp=0x000000728c9fedb0
Event: 71.018 Thread 0x000001b964138530 DEOPT UNPACKING pc=0x000001b910d64242 sp=0x000000728c9fe2a8 mode 0
Event: 71.020 Thread 0x000001b964138530 DEOPT PACKING pc=0x000001b90adb0faf sp=0x000000728c9fed70
Event: 71.020 Thread 0x000001b964138530 DEOPT UNPACKING pc=0x000001b910d64242 sp=0x000000728c9fe2e0 mode 0
Event: 71.033 Thread 0x000001b964138530 Uncommon trap: trap_request=0xffffff45 fr.pc=0x000001b911b38cb4 relative=0x0000000000000114
Event: 71.033 Thread 0x000001b964138530 Uncommon trap: reason=unstable_if action=reinterpret pc=0x000001b911b38cb4 method=org.eclipse.jdt.internal.core.index.DiskIndex.readStreamInt(Ljava/io/InputStream;)I @ 10 c2
Event: 71.034 Thread 0x000001b964138530 DEOPT PACKING pc=0x000001b911b38cb4 sp=0x000000728c9feaa0
Event: 71.034 Thread 0x000001b964138530 DEOPT UNPACKING pc=0x000001b910d63aa2 sp=0x000000728c9fea20 mode 2

Classes loaded (20 events):
Event: 53.757 Loading class java/nio/file/FileTreeWalker$1
Event: 53.758 Loading class java/nio/file/FileTreeWalker$1 done
Event: 53.759 Loading class sun/nio/fs/Globs
Event: 53.759 Loading class sun/nio/fs/Globs done
Event: 53.760 Loading class java/util/regex/Pattern$SliceU
Event: 53.760 Loading class java/util/regex/Pattern$SliceU done
Event: 53.760 Loading class sun/nio/fs/WindowsFileSystem$2
Event: 53.760 Loading class java/nio/file/PathMatcher
Event: 53.760 Loading class java/nio/file/PathMatcher done
Event: 53.760 Loading class sun/nio/fs/WindowsFileSystem$2 done
Event: 55.053 Loading class java/util/Collections$SynchronizedRandomAccessList
Event: 55.053 Loading class java/util/Collections$SynchronizedList
Event: 55.054 Loading class java/util/Collections$SynchronizedList done
Event: 55.054 Loading class java/util/Collections$SynchronizedRandomAccessList done
Event: 55.102 Loading class java/util/concurrent/CompletableFuture$Signaller
Event: 55.102 Loading class java/util/concurrent/CompletableFuture$Signaller done
Event: 55.167 Loading class java/util/Hashtable$KeySet
Event: 55.167 Loading class java/util/Hashtable$KeySet done
Event: 55.733 Loading class java/lang/invoke/MethodHandleImpl$CountingWrapper$1
Event: 55.738 Loading class java/lang/invoke/MethodHandleImpl$CountingWrapper$1 done

Classes unloaded (7 events):
Event: 24.388 Thread 0x000001b906562540 Unloading class 0x000001b91e1a9800 'java/lang/invoke/LambdaForm$MH+0x000001b91e1a9800'
Event: 24.388 Thread 0x000001b906562540 Unloading class 0x000001b91e1a9400 'java/lang/invoke/LambdaForm$MH+0x000001b91e1a9400'
Event: 24.388 Thread 0x000001b906562540 Unloading class 0x000001b91e1a9000 'java/lang/invoke/LambdaForm$MH+0x000001b91e1a9000'
Event: 24.388 Thread 0x000001b906562540 Unloading class 0x000001b91e1a8c00 'java/lang/invoke/LambdaForm$MH+0x000001b91e1a8c00'
Event: 24.388 Thread 0x000001b906562540 Unloading class 0x000001b91e1a8800 'java/lang/invoke/LambdaForm$BMH+0x000001b91e1a8800'
Event: 24.388 Thread 0x000001b906562540 Unloading class 0x000001b91e1a8400 'java/lang/invoke/LambdaForm$DMH+0x000001b91e1a8400'
Event: 24.388 Thread 0x000001b906562540 Unloading class 0x000001b91e1a3000 'java/lang/invoke/LambdaForm$DMH+0x000001b91e1a3000'

Classes redefined (0 events):
No events

Internal exceptions (20 events):
Event: 64.054 Thread 0x000001b964138530 Exception <a 'sun/nio/fs/WindowsException'{0x00000000d593a2f0}> (0x00000000d593a2f0) 
thrown [s\src\hotspot\share\prims\jni.cpp, line 520]
Event: 64.092 Thread 0x000001b964138530 Exception <a 'sun/nio/fs/WindowsException'{0x00000000d5941be0}> (0x00000000d5941be0) 
thrown [s\src\hotspot\share\prims\jni.cpp, line 520]
Event: 64.273 Thread 0x000001b964138530 Exception <a 'sun/nio/fs/WindowsException'{0x00000000d572a6b8}> (0x00000000d572a6b8) 
thrown [s\src\hotspot\share\prims\jni.cpp, line 520]
Event: 64.359 Thread 0x000001b964138530 Exception <a 'sun/nio/fs/WindowsException'{0x00000000d590ac00}> (0x00000000d590ac00) 
thrown [s\src\hotspot\share\prims\jni.cpp, line 520]
Event: 64.421 Thread 0x000001b964138530 Exception <a 'sun/nio/fs/WindowsException'{0x00000000d56f85f8}> (0x00000000d56f85f8) 
thrown [s\src\hotspot\share\prims\jni.cpp, line 520]
Event: 64.449 Thread 0x000001b964138530 Exception <a 'sun/nio/fs/WindowsException'{0x00000000d5743ee8}> (0x00000000d5743ee8) 
thrown [s\src\hotspot\share\prims\jni.cpp, line 520]
Event: 64.498 Thread 0x000001b964138530 Exception <a 'sun/nio/fs/WindowsException'{0x00000000d5a715a8}> (0x00000000d5a715a8) 
thrown [s\src\hotspot\share\prims\jni.cpp, line 520]
Event: 64.976 Thread 0x000001b964138530 Exception <a 'sun/nio/fs/WindowsException'{0x00000000d573d1b8}> (0x00000000d573d1b8) 
thrown [s\src\hotspot\share\prims\jni.cpp, line 520]
Event: 65.022 Thread 0x000001b964138530 Exception <a 'sun/nio/fs/WindowsException'{0x00000000d5790690}> (0x00000000d5790690) 
thrown [s\src\hotspot\share\prims\jni.cpp, line 520]
Event: 65.180 Thread 0x000001b964138530 Exception <a 'sun/nio/fs/WindowsException'{0x00000000d577c820}> (0x00000000d577c820) 
thrown [s\src\hotspot\share\prims\jni.cpp, line 520]
Event: 65.352 Thread 0x000001b964138530 Exception <a 'sun/nio/fs/WindowsException'{0x00000000d57d3c78}> (0x00000000d57d3c78) 
thrown [s\src\hotspot\share\prims\jni.cpp, line 520]
Event: 65.381 Thread 0x000001b964138530 Exception <a 'sun/nio/fs/WindowsException'{0x00000000d57ae000}> (0x00000000d57ae000) 
thrown [s\src\hotspot\share\prims\jni.cpp, line 520]
Event: 65.532 Thread 0x000001b964138530 Exception <a 'sun/nio/fs/WindowsException'{0x00000000d584b550}> (0x00000000d584b550) 
thrown [s\src\hotspot\share\prims\jni.cpp, line 520]
Event: 65.754 Thread 0x000001b964138530 Exception <a 'sun/nio/fs/WindowsException'{0x00000000d5837498}> (0x00000000d5837498) 
thrown [s\src\hotspot\share\prims\jni.cpp, line 520]
Event: 65.813 Thread 0x000001b964138530 Exception <a 'sun/nio/fs/WindowsException'{0x00000000d558d538}> (0x00000000d558d538) 
thrown [s\src\hotspot\share\prims\jni.cpp, line 520]
Event: 65.838 Thread 0x000001b964138530 Exception <a 'sun/nio/fs/WindowsException'{0x00000000d5880940}> (0x00000000d5880940) 
thrown [s\src\hotspot\share\prims\jni.cpp, line 520]
Event: 65.864 Thread 0x000001b964138530 Exception <a 'sun/nio/fs/WindowsException'{0x00000000d5638e48}> (0x00000000d5638e48) 
thrown [s\src\hotspot\share\prims\jni.cpp, line 520]
Event: 65.877 Thread 0x000001b964138530 Exception <a 'sun/nio/fs/WindowsException'{0x00000000d56550d8}> (0x00000000d56550d8) 
thrown [s\src\hotspot\share\prims\jni.cpp, line 520]
Event: 66.025 Thread 0x000001b964138530 Exception <a 'sun/nio/fs/WindowsException'{0x00000000d5710c58}> (0x00000000d5710c58) 
thrown [s\src\hotspot\share\prims\jni.cpp, line 520]
Event: 66.136 Thread 0x000001b964138530 Exception <a 'sun/nio/fs/WindowsException'{0x00000000d58ae358}> (0x00000000d58ae358) 
thrown [s\src\hotspot\share\prims\jni.cpp, line 520]

ZGC Phase Switch (0 events):
No events

VM Operations (20 events):
Event: 66.214 Executing VM operation: ParallelGCFailedAllocation (Allocation Failure) done
Event: 66.256 Executing VM operation: ParallelGCFailedAllocation (Allocation Failure)
Event: 67.265 Executing VM operation: ParallelGCFailedAllocation (Allocation Failure) done
Event: 67.293 Executing VM operation: ParallelGCFailedAllocation (Allocation Failure)
Event: 67.303 Executing VM operation: ParallelGCFailedAllocation (Allocation Failure) done
Event: 67.327 Executing VM operation: ParallelGCFailedAllocation (Allocation Failure)
Event: 67.340 Executing VM operation: ParallelGCFailedAllocation (Allocation Failure) done
Event: 67.380 Executing VM operation: ParallelGCFailedAllocation (Allocation Failure)
Event: 67.389 Executing VM operation: ParallelGCFailedAllocation (Allocation Failure) done
Event: 67.467 Executing VM operation: ParallelGCFailedAllocation (Allocation Failure)
Event: 67.479 Executing VM operation: ParallelGCFailedAllocation (Allocation Failure) done
Event: 67.642 Executing VM operation: ParallelGCFailedAllocation (Allocation Failure)
Event: 67.650 Executing VM operation: ParallelGCFailedAllocation (Allocation Failure) done
Event: 70.776 Executing VM operation: ParallelGCFailedAllocation (Allocation Failure)
Event: 70.788 Executing VM operation: ParallelGCFailedAllocation (Allocation Failure) done
Event: 70.904 Executing VM operation: ParallelGCFailedAllocation (Allocation Failure)
Event: 70.910 Executing VM operation: ParallelGCFailedAllocation (Allocation Failure) done
Event: 70.985 Executing VM operation: ParallelGCFailedAllocation (Allocation Failure)
Event: 70.991 Executing VM operation: ParallelGCFailedAllocation (Allocation Failure) done
Event: 71.053 Executing VM operation: ParallelGCFailedAllocation (Allocation Failure)

Memory protections (0 events):
No events

Nmethod flushes (20 events):
Event: 26.777 Thread 0x000001b906562540 flushing  nmethod 0x000001b909e40f90
Event: 26.777 Thread 0x000001b906562540 flushing  nmethod 0x000001b909e41390
Event: 26.777 Thread 0x000001b906562540 flushing  nmethod 0x000001b909e41c90
Event: 26.777 Thread 0x000001b906562540 flushing  nmethod 0x000001b909e42e90
Event: 26.777 Thread 0x000001b906562540 flushing  nmethod 0x000001b909e43a90
Event: 26.777 Thread 0x000001b906562540 flushing  nmethod 0x000001b909e44210
Event: 26.777 Thread 0x000001b906562540 flushing  nmethod 0x000001b909e44b90
Event: 26.777 Thread 0x000001b906562540 flushing  nmethod 0x000001b909e45090
Event: 26.777 Thread 0x000001b906562540 flushing  nmethod 0x000001b909e48710
Event: 26.777 Thread 0x000001b906562540 flushing  nmethod 0x000001b909e48c10
Event: 26.777 Thread 0x000001b906562540 flushing  nmethod 0x000001b909e49110
Event: 26.777 Thread 0x000001b906562540 flushing  nmethod 0x000001b909e5ac10
Event: 26.777 Thread 0x000001b906562540 flushing  nmethod 0x000001b909e68f90
Event: 26.777 Thread 0x000001b906562540 flushing  nmethod 0x000001b909e69f10
Event: 26.777 Thread 0x000001b906562540 flushing  nmethod 0x000001b909e7d090
Event: 26.777 Thread 0x000001b906562540 flushing  nmethod 0x000001b909ed4990
Event: 26.777 Thread 0x000001b906562540 flushing  nmethod 0x000001b909efd610
Event: 26.777 Thread 0x000001b906562540 flushing  nmethod 0x000001b909efda90
Event: 26.777 Thread 0x000001b906562540 flushing  nmethod 0x000001b909f03810
Event: 26.777 Thread 0x000001b906562540 flushing  nmethod 0x000001b909f1c990

Events (20 events):
Event: 52.403 Thread 0x000001b964b96990 Thread exited: 0x000001b964b96990
Event: 52.403 Thread 0x000001b964b94230 Thread exited: 0x000001b964b94230
Event: 52.404 Thread 0x000001b964b93510 Thread exited: 0x000001b964b93510
Event: 52.404 Thread 0x000001b964b95c70 Thread exited: 0x000001b964b95c70
Event: 52.404 Thread 0x000001b964b97020 Thread exited: 0x000001b964b97020
Event: 52.775 Thread 0x000001b9648d8850 Thread exited: 0x000001b9648d8850
Event: 53.070 Thread 0x000001b9671fc560 Thread exited: 0x000001b9671fc560
Event: 53.273 Thread 0x000001b95f8e2780 Thread added: 0x000001b9647516e0
Event: 53.803 Thread 0x000001b95f8e2780 Thread added: 0x000001b967498af0
Event: 55.323 Thread 0x000001b964135dd0 Thread added: 0x000001b964b95c70
Event: 55.864 Thread 0x000001b967498af0 Thread exited: 0x000001b967498af0
Event: 55.864 Thread 0x000001b9647516e0 Thread exited: 0x000001b9647516e0
Event: 56.142 Thread 0x000001b95f8e2780 Thread added: 0x000001b967498af0
Event: 56.296 Thread 0x000001b967498af0 Thread added: 0x000001b968766e50
Event: 59.349 Thread 0x000001b968766e50 Thread exited: 0x000001b968766e50
Event: 60.338 Thread 0x000001b964b95c70 Thread exited: 0x000001b964b95c70
Event: 63.706 Thread 0x000001b967498af0 Thread exited: 0x000001b967498af0
Event: 66.162 Thread 0x000001b95f8e2780 Thread added: 0x000001b9683cc410
Event: 66.184 Thread 0x000001b906577fc0 Thread added: 0x000001b9674a8ad0
Event: 67.313 Thread 0x000001b9674a8ad0 Thread exited: 0x000001b9674a8ad0


Dynamic libraries:
0x00007ff672f90000 - 0x00007ff672f9e000 	c:\Users\JJ Marley\.vscode\extensions\redhat.java-1.44.0-win32-x64\jre\21.0.8-win32-x86_64\bin\java.exe
0x00007ffbd0b20000 - 0x00007ffbd0d87000 	C:\WINDOWS\SYSTEM32\ntdll.dll
0x00007ffbb2c80000 - 0x00007ffbb2ca0000 	C:\Program Files\Avast Software\Avast\aswhook.dll
0x00007ffbd0740000 - 0x00007ffbd0809000 	C:\WINDOWS\System32\KERNEL32.DLL
0x00007ffbce2d0000 - 0x00007ffbce6c0000 	C:\WINDOWS\System32\KERNELBASE.dll
0x00007ffbce760000 - 0x00007ffbce8ab000 	C:\WINDOWS\System32\ucrtbase.dll
0x00007ffbc47d0000 - 0x00007ffbc47ee000 	c:\Users\JJ Marley\.vscode\extensions\redhat.java-1.44.0-win32-x64\jre\21.0.8-win32-x86_64\bin\VCRUNTIME140.dll
0x00007ffbc4c50000 - 0x00007ffbc4c68000 	c:\Users\JJ Marley\.vscode\extensions\redhat.java-1.44.0-win32-x64\jre\21.0.8-win32-x86_64\bin\jli.dll
0x00007ffbceaf0000 - 0x00007ffbcecb5000 	C:\WINDOWS\System32\USER32.dll
0x00007ffbaf950000 - 0x00007ffbafbea000 	C:\WINDOWS\WinSxS\amd64_microsoft.windows.common-controls_6595b64144ccf1df_6.0.26100.4768_none_3e0c112ce331287c\COMCTL32.dll
0x00007ffbce150000 - 0x00007ffbce177000 	C:\WINDOWS\System32\win32u.dll
0x00007ffbd0810000 - 0x00007ffbd083b000 	C:\WINDOWS\System32\GDI32.dll
0x00007ffbce8b0000 - 0x00007ffbce959000 	C:\WINDOWS\System32\msvcrt.dll
0x00007ffbcddd0000 - 0x00007ffbcdf08000 	C:\WINDOWS\System32\gdi32full.dll
0x00007ffbce180000 - 0x00007ffbce223000 	C:\WINDOWS\System32\msvcp_win.dll
0x00007ffbcf540000 - 0x00007ffbcf56f000 	C:\WINDOWS\System32\IMM32.DLL
0x00007ffbc86e0000 - 0x00007ffbc86ec000 	c:\Users\JJ Marley\.vscode\extensions\redhat.java-1.44.0-win32-x64\jre\21.0.8-win32-x86_64\bin\vcruntime140_1.dll
0x00007ffb87d90000 - 0x00007ffb87e1d000 	c:\Users\JJ Marley\.vscode\extensions\redhat.java-1.44.0-win32-x64\jre\21.0.8-win32-x86_64\bin\msvcp140.dll
0x00007ffb68100000 - 0x00007ffb68e97000 	c:\Users\JJ Marley\.vscode\extensions\redhat.java-1.44.0-win32-x64\jre\21.0.8-win32-x86_64\bin\server\jvm.dll
0x00007ffbcfaa0000 - 0x00007ffbcfb54000 	C:\WINDOWS\System32\ADVAPI32.dll
0x00007ffbd0a30000 - 0x00007ffbd0ad6000 	C:\WINDOWS\System32\sechost.dll
0x00007ffbd0380000 - 0x00007ffbd0498000 	C:\WINDOWS\System32\RPCRT4.dll
0x00007ffbd0580000 - 0x00007ffbd05f4000 	C:\WINDOWS\System32\WS2_32.dll
0x00007ffba6230000 - 0x00007ffba6265000 	C:\WINDOWS\SYSTEM32\WINMM.dll
0x00007ffbcdab0000 - 0x00007ffbcdb0e000 	C:\WINDOWS\SYSTEM32\POWRPROF.dll
0x00007ffbba0f0000 - 0x00007ffbba0fb000 	C:\WINDOWS\SYSTEM32\VERSION.dll
0x00007ffbcda90000 - 0x00007ffbcdaa4000 	C:\WINDOWS\SYSTEM32\UMPDC.dll
0x00007ffbcc990000 - 0x00007ffbcc9ab000 	C:\WINDOWS\SYSTEM32\kernel.appcore.dll
0x00007ffbc62f0000 - 0x00007ffbc62fa000 	c:\Users\JJ Marley\.vscode\extensions\redhat.java-1.44.0-win32-x64\jre\21.0.8-win32-x86_64\bin\jimage.dll
0x00007ffbcb420000 - 0x00007ffbcb661000 	C:\WINDOWS\SYSTEM32\DBGHELP.DLL
0x00007ffbcf710000 - 0x00007ffbcfa95000 	C:\WINDOWS\System32\combase.dll
0x00007ffbd0650000 - 0x00007ffbd0730000 	C:\WINDOWS\System32\OLEAUT32.dll
0x00007ffbb86b0000 - 0x00007ffbb86f3000 	C:\WINDOWS\SYSTEM32\dbgcore.DLL
0x00007ffbce230000 - 0x00007ffbce2c9000 	C:\WINDOWS\System32\bcryptPrimitives.dll
0x00007ffbc4c30000 - 0x00007ffbc4c3f000 	c:\Users\JJ Marley\.vscode\extensions\redhat.java-1.44.0-win32-x64\jre\21.0.8-win32-x86_64\bin\instrument.dll
0x00007ffbbec00000 - 0x00007ffbbec1f000 	c:\Users\JJ Marley\.vscode\extensions\redhat.java-1.44.0-win32-x64\jre\21.0.8-win32-x86_64\bin\java.dll
0x00007ffbced40000 - 0x00007ffbcf48d000 	C:\WINDOWS\System32\SHELL32.dll
0x00007ffbcdf10000 - 0x00007ffbce083000 	C:\WINDOWS\System32\wintypes.dll
0x00007ffbcb800000 - 0x00007ffbcc060000 	C:\WINDOWS\SYSTEM32\windows.storage.dll
0x00007ffbcfdb0000 - 0x00007ffbcfea5000 	C:\WINDOWS\System32\SHCORE.dll
0x00007ffbcecd0000 - 0x00007ffbced3a000 	C:\WINDOWS\System32\shlwapi.dll
0x00007ffbcdb70000 - 0x00007ffbcdb99000 	C:\WINDOWS\SYSTEM32\profapi.dll
0x00007ffbc36a0000 - 0x00007ffbc36b8000 	c:\Users\JJ Marley\.vscode\extensions\redhat.java-1.44.0-win32-x64\jre\21.0.8-win32-x86_64\bin\zip.dll
0x00007ffbc37e0000 - 0x00007ffbc37f0000 	C:\Users\JJ Marley\.vscode\extensions\redhat.java-1.44.0-win32-x64\jre\21.0.8-win32-x86_64\bin\net.dll
0x00007ffbc3850000 - 0x00007ffbc396e000 	C:\WINDOWS\SYSTEM32\WINHTTP.dll
0x00007ffbccf00000 - 0x00007ffbccf6b000 	C:\WINDOWS\system32\mswsock.dll
0x00007ffbb6510000 - 0x00007ffbb6526000 	C:\Users\JJ Marley\.vscode\extensions\redhat.java-1.44.0-win32-x64\jre\21.0.8-win32-x86_64\bin\nio.dll
0x00007ffbc3170000 - 0x00007ffbc3180000 	c:\Users\JJ Marley\.vscode\extensions\redhat.java-1.44.0-win32-x64\jre\21.0.8-win32-x86_64\bin\verify.dll
0x00007ffbb46b0000 - 0x00007ffbb46f5000 	C:\Users\JJ Marley\AppData\Roaming\Code\User\globalStorage\redhat.java\1.44.0\config_win\org.eclipse.equinox.launcher\org.eclipse.equinox.launcher.win32.win32.x86_64_1.2.1400.v20250730-1736\eclipse_11913.dll
0x00007ffbcfb80000 - 0x00007ffbcfd20000 	C:\WINDOWS\System32\ole32.dll
0x00007ffbcd2e0000 - 0x00007ffbcd2fb000 	C:\WINDOWS\SYSTEM32\CRYPTSP.dll
0x00007ffbcc8f0000 - 0x00007ffbcc92b000 	C:\WINDOWS\system32\rsaenh.dll
0x00007ffbccfa0000 - 0x00007ffbccfcb000 	C:\WINDOWS\SYSTEM32\USERENV.dll
0x00007ffbcdb40000 - 0x00007ffbcdb66000 	C:\WINDOWS\SYSTEM32\bcrypt.dll
0x00007ffbcd140000 - 0x00007ffbcd14c000 	C:\WINDOWS\SYSTEM32\CRYPTBASE.dll
0x00007ffbcc370000 - 0x00007ffbcc3a3000 	C:\WINDOWS\SYSTEM32\IPHLPAPI.DLL
0x00007ffbcfb70000 - 0x00007ffbcfb7a000 	C:\WINDOWS\System32\NSI.dll
0x00007ffbb2ed0000 - 0x00007ffbb2f19000 	C:\Program Files\KMSpico\temp\jna-144177922\jna2582369394594080377.dll
0x00007ffbcfb60000 - 0x00007ffbcfb68000 	C:\WINDOWS\System32\PSAPI.DLL
0x00007ffbc3a70000 - 0x00007ffbc3a8f000 	C:\WINDOWS\SYSTEM32\dhcpcsvc6.DLL
0x00007ffbc3a40000 - 0x00007ffbc3a65000 	C:\WINDOWS\SYSTEM32\dhcpcsvc.DLL

JVMTI agents:
c:\Users\JJ Marley\.vscode\extensions\redhat.java-1.44.0-win32-x64\lombok\lombok-1.18.39-4050.jar path:c:\Users\JJ Marley\.vscode\extensions\redhat.java-1.44.0-win32-x64\jre\21.0.8-win32-x86_64\bin\instrument.dll, loaded, initialized, instrumentlib options:none

dbghelp: loaded successfully - version: 4.0.5 - missing functions: none
symbol engine: initialized successfully - sym options: 0x614 - pdb path: .;c:\Users\JJ Marley\.vscode\extensions\redhat.java-1.44.0-win32-x64\jre\21.0.8-win32-x86_64\bin;C:\WINDOWS\SYSTEM32;C:\Program Files\Avast Software\Avast;C:\WINDOWS\WinSxS\amd64_microsoft.windows.common-controls_6595b64144ccf1df_6.0.26100.4768_none_3e0c112ce331287c;c:\Users\JJ Marley\.vscode\extensions\redhat.java-1.44.0-win32-x64\jre\21.0.8-win32-x86_64\bin\server;C:\Users\JJ Marley\AppData\Roaming\Code\User\globalStorage\redhat.java\1.44.0\config_win\org.eclipse.equinox.launcher\org.eclipse.equinox.launcher.win32.win32.x86_64_1.2.1400.v20250730-1736;C:\Program Files\KMSpico\temp\jna-144177922

VM Arguments:
jvm_args: --add-modules=ALL-SYSTEM --add-opens=java.base/java.util=ALL-UNNAMED --add-opens=java.base/java.lang=ALL-UNNAMED --add-opens=java.base/sun.nio.fs=ALL-UNNAMED -Declipse.application=org.eclipse.jdt.ls.core.id1 -Dosgi.bundles.defaultStartLevel=4 -Declipse.product=org.eclipse.jdt.ls.core.product -Djava.import.generatesMetadataFilesAtProjectRoot=false -DDetectVMInstallationsJob.disabled=true -Dfile.encoding=utf8 -XX:+UseParallelGC -XX:GCTimeRatio=4 -XX:AdaptiveSizePolicyWeight=90 -Dsun.zip.disableMemoryMapping=true -Xmx2G -Xms100m -Xlog:disable -javaagent:c:\Users\JJ Marley\.vscode\extensions\redhat.java-1.44.0-win32-x64\lombok\lombok-1.18.39-4050.jar -XX:+HeapDumpOnOutOfMemoryError -XX:HeapDumpPath=c:\Users\JJ Marley\AppData\Roaming\Code\User\workspaceStorage\b9cbce417d77c4a653887bd68e735a80\redhat.java -Daether.dependencyCollector.impl=bf 
java_command: c:\Users\JJ Marley\.vscode\extensions\redhat.java-1.44.0-win32-x64\server\plugins\org.eclipse.equinox.launcher_1.7.0.v20250519-0528.jar -configuration c:\Users\JJ Marley\AppData\Roaming\Code\User\globalStorage\redhat.java\1.44.0\config_win -data c:\Users\JJ Marley\AppData\Roaming\Code\User\workspaceStorage\b9cbce417d77c4a653887bd68e735a80\redhat.java\jdt_ws --pipe=\\.\pipe\lsp-fa4a76ee40899ba0268213e0b53a7c53-sock
java_class_path (initial): c:\Users\JJ Marley\.vscode\extensions\redhat.java-1.44.0-win32-x64\server\plugins\org.eclipse.equinox.launcher_1.7.0.v20250519-0528.jar
Launcher Type: SUN_STANDARD

[Global flags]
    uintx AdaptiveSizePolicyWeight                 = 90                                        {product} {command line}
     intx CICompilerCount                          = 4                                         {product} {ergonomic}
    uintx GCTimeRatio                              = 4                                         {product} {command line}
     bool HeapDumpOnOutOfMemoryError               = true                                   {manageable} {command line}
    ccstr HeapDumpPath                             = c:\Users\JJ Marley\AppData\Roaming\Code\User\workspaceStorage\b9cbce417d77c4a653887bd68e735a80\redhat.java         {manageable} {command line}
   size_t InitialHeapSize                          = 104857600                                 {product} {command line}
   size_t MaxHeapSize                              = 2147483648                                {product} {command line}
   size_t MaxNewSize                               = 715653120                                 {product} {ergonomic}
   size_t MinHeapDeltaBytes                        = 524288                                    {product} {ergonomic}
   size_t MinHeapSize                              = 104857600                                 {product} {command line}
   size_t NewSize                                  = 34603008                                  {product} {ergonomic}
    uintx NonNMethodCodeHeapSize                   = 5839372                                {pd product} {ergonomic}
    uintx NonProfiledCodeHeapSize                  = 122909434                              {pd product} {ergonomic}
   size_t OldSize                                  = 70254592                                  {product} {ergonomic}
    uintx ProfiledCodeHeapSize                     = 122909434                              {pd product} {ergonomic}
    uintx ReservedCodeCacheSize                    = 251658240                              {pd product} {ergonomic}
     bool SegmentedCodeCache                       = true                                      {product} {ergonomic}
   size_t SoftMaxHeapSize                          = 2147483648                             {manageable} {ergonomic}
     bool UseCompressedOops                        = true                           {product lp64_product} {ergonomic}
     bool UseLargePagesIndividualAllocation        = false                                  {pd product} {ergonomic}
     bool UseParallelGC                            = true                                      {product} {command line}

Logging:
Log output configuration:
 #0: stdout all=off uptime,level,tags foldmultilines=false
 #1: stderr all=off uptime,level,tags foldmultilines=false

Environment Variables:
JAVA_HOME=C:\Users\JJ Marley\switchmaker\outils\jdk
PATH=C:\Python313\Scripts\;C:\Python313\;C:\Program Files\java\jdk\bin;C:\Program Files (x86)\Common Files\Oracle\Java\javapath;C:\Program Files (x86)\VMware\VMware Workstation\bin\;C:\Python311\Scripts\;C:\Python311\;C:\WINDOWS\system32;C:\WINDOWS;C:\WINDOWS\System32\Wbem;C:\WINDOWS\System32\WindowsPowerShell\v1.0\;C:\WINDOWS\System32\OpenSSH\;C:\ProgramData\chocolatey\bin;C:\Program Files\php-8.2.8-Win32-vs16-x64;C:\ProgramData\ComposerSetup\bin;C:\Program Files\GitHub CLI\;C:\Program Files\dotnet\;C:\Program Files\Microsoft SQL Server\150\Tools\Binn\;C:\Program Files (x86)\AOMEI\AOMEI Backupper\7.3.3;C:\Users\JJ Marley\switchmaker\outils\jdk\bin;C:\Users\JJ Marley\switchmaker\outils\maven\bin;C:\Program Files\Git\cmd;C:\Program Files\nodejs\;C:\Users\JJ Marley\zone de travail\outil\jdk-21.0.7\bin;C:\Users\JJ Marley\zone de travail\outil\maven\bin;C:\Users\JJ Marley\AppData\Local\Microsoft\WindowsApps;C:\Users\JJ Marley\AppData\Roaming\Composer\vendor\bin;C:\Program Files\JetBrains\PhpStorm 2023.1.3\bin;;C:\Program Files\JetBrains\IntelliJ IDEA 2023.1.3\bin;;C:\Program Files\JetBrains\PyCharm 2023.1.3\bin;;C:\Users\JJ Marley\.dotnet\tools;C:\Users\JJ Marley\switchmaker\outils\jdk\bin;C:\Users\JJ Marley\zone de travail\outil\jdk-21.0.7\bin;C:\Users\JJ Marley\switchmaker\outils\maven\bin;C:\Program Files\JetBrains\IntelliJ IDEA Community Edition 2025.1.2\bin;;C:\Users\JJ Marley\AppData\Roaming\npm;C:\Users\JJ Marley\AppData\Local\Programs\Microsoft VS Code\bin;C:\Users\JJ Marley\zone de travail\outil\maven\bin;
USERNAME=JJ Marley
OS=Windows_NT
PROCESSOR_IDENTIFIER=Intel64 Family 6 Model 142 Stepping 10, GenuineIntel
TMP=C:\PROGRA~1\KMSpico\temp
TEMP=C:\PROGRA~1\KMSpico\temp




Periodic native trim disabled

---------------  S Y S T E M  ---------------

OS:
 Windows 11 , 64 bit Build 26100 (10.0.26100.4768)
OS uptime: 2 days 21:58 hours
Hyper-V role detected

CPU: total 8 (initial active 8) (4 cores per cpu, 2 threads per core) family 6 model 142 stepping 10 microcode 0xe0, cx8, cmov, fxsr, ht, mmx, 3dnowpref, sse, sse2, sse3, ssse3, sse4.1, sse4.2, popcnt, lzcnt, tsc, tscinvbit, avx, avx2, aes, erms, clmul, bmi1, bmi2, adx, fma, vzeroupper, clflush, clflushopt, hv, rdtscp, f16c
Processor Information for processor 0
  Max Mhz: 1992, Current Mhz: 1494, Mhz Limit: 1792
Processor Information for processor 1
  Max Mhz: 1992, Current Mhz: 1494, Mhz Limit: 1792
Processor Information for processor 2
  Max Mhz: 1992, Current Mhz: 1494, Mhz Limit: 1792
Processor Information for processor 3
  Max Mhz: 1992, Current Mhz: 1494, Mhz Limit: 1792
Processor Information for processor 4
  Max Mhz: 1992, Current Mhz: 1494, Mhz Limit: 1792
Processor Information for processor 5
  Max Mhz: 1992, Current Mhz: 1494, Mhz Limit: 1792
Processor Information for processor 6
  Max Mhz: 1992, Current Mhz: 1992, Mhz Limit: 1792
Processor Information for processor 7
  Max Mhz: 1992, Current Mhz: 1494, Mhz Limit: 1792

Memory: 4k page, system-wide physical 16257M (2539M free)
TotalPageFile size 20353M (AvailPageFile size 10M)
current process WorkingSet (physical memory assigned to process): 1111M, peak: 1111M
current process commit charge ("private bytes"): 1071M, peak: 1071M

vm_info: OpenJDK 64-Bit Server VM (21.0.8+9-LTS) for windows-amd64 JRE (21.0.8+9-LTS), built on 2025-07-15T00:00:00Z by "admin" with MS VC++ 17.7 (VS2022)

END.
